<?xml version="1.0" encoding="UTF-8"?>
<!-- Generated by org.testng.reporters.JUnitXMLReporter -->
<testsuite ignored="0" hostname="LAPTOP-FJMEUAAG" failures="0" tests="4" name="Command line test" time="0.061" errors="0" timestamp="2022-03-10T11:14:28 CET">
  <testcase classname="testcase.WikiAdvancedSearchTest" name="@BeforeTest setUp" time="-1.646907267916E9">
    <failure type="org.testng.TestNGException" message="
Parameter &amp;apos;Browser&amp;apos; is required by BeforeTest on method setUp but has not been marked @Optional or defined
">
      <![CDATA[org.testng.TestNGException: 
Parameter 'Browser' is required by BeforeTest on method setUp but has not been marked @Optional or defined

... Removed 30 stack frames]]>
    </failure>
  </testcase> <!-- @BeforeTest setUp -->
  <testcase classname="testcase.WikiAdvancedSearchTest" name="@AfterTest tearDown" time="0.0">
    <skipped/>
  </testcase> <!-- @AfterTest tearDown -->
  <testcase classname="testcase.WikiAdvancedSearchTest" name="testArticleInWikiAdvancedSearchBar" time="0.0">
    <skipped/>
  </testcase> <!-- testArticleInWikiAdvancedSearchBar -->
  <testcase classname="testcase.WikiAdvancedSearchTest" name="testWikiAdvancedSearchWithPageText" time="0.0">
    <skipped/>
  </testcase> <!-- testWikiAdvancedSearchWithPageText -->
  <testcase classname="testcase.WikiAdvancedSearchTest" name="testSearchInFunctionInWikiSearch" time="0.0">
    <skipped/>
  </testcase> <!-- testSearchInFunctionInWikiSearch -->
  <testcase classname="testcase.WikiAdvancedSearchTest" name="testMainPageLink" time="0.0">
    <skipped/>
  </testcase> <!-- testMainPageLink -->
</testsuite> <!-- Command line test -->
